<?xml version="1.0" encoding="UTF-8"?>
<testng-results total="1" passed="1" failed="0" skipped="0">
  <reporter-output>
    <line>
      <![CDATA[Opening expected site]]>
    </line>
  </reporter-output>
  <suite started-at="2023-08-25T10:09:04Z" name="Default suite" finished-at="2023-08-25T10:09:15Z" duration-ms="11073">
    <groups>
    </groups>
    <test started-at="2023-08-25T10:09:04Z" name="Default test" finished-at="2023-08-25T10:09:15Z" duration-ms="11073">
      <class name="webs.Amazon">
        <test-method signature="jioMart()" started-at="2023-08-25T10:09:04Z" name="jioMart" finished-at="2023-08-25T10:09:15Z" duration-ms="11048" status="PASS">
        </test-method>
      </class>
    </test>
  </suite>
</testng-results>
